
> react-hooks-jwt-auth@0.1.0 start /home/tutoring/cbnututoring
> set PORT=3131 && react-scripts start

[34mâ„¹[39m [90mï½¢wdsï½£[39m: Project is running at http://0.0.0.0:3131/
[34mâ„¹[39m [90mï½¢wdsï½£[39m: webpack output is served from 
[34mâ„¹[39m [90mï½¢wdsï½£[39m: Content not from webpack is served from /home/tutoring/cbnututoring/public
[34mâ„¹[39m [90mï½¢wdsï½£[39m: 404s will fallback to /
Starting the development server...

Compiled with warnings.

src/App.js
  Line 4:10:  'Button' is defined but never used          no-unused-vars
  Line 11:8:  'ProgramSelect' is defined but never used   no-unused-vars
  Line 26:7:  'today' is assigned a value but never used  no-unused-vars

src/components/AllList.js
  Line 22:6:  React Hook useEffect has missing dependencies: 'search', 'semester', and 'year'. Either include them or remove the dependency array  react-hooks/exhaustive-deps

src/components/CourseReg.js
  Line 2:10:   'Redirect' is defined but never used                      no-unused-vars
  Line 16:28:  Unnecessarily computed property ["file"] found            no-useless-computed-key
  Line 19:9:   'duplicateInspection' is assigned a value but never used  no-unused-vars

src/components/DialogContents.js
  Line 3:43:   'Select' is defined but never used                                                                                     no-unused-vars
  Line 7:8:    'styled' is defined but never used                                                                                     no-unused-vars
  Line 339:6:  React Hook useEffect has missing dependencies: 'data' and 'infos'. Either include them or remove the dependency array  react-hooks/exhaustive-deps
  Line 389:1:  Assign object to a variable before exporting as module default                                                         import/no-anonymous-default-export

src/components/EnrolmentSeason.js
  Line 25:6:  React Hook useEffect has missing dependencies: 'values.semester' and 'values.year'. Either include them or remove the dependency array  react-hooks/exhaustive-deps
  Line 40:6:  React Hook useEffect has missing dependencies: 'setTime_end' and 'setTime_start'. Either include them or remove the dependency array    react-hooks/exhaustive-deps

src/components/Login.js
  Line 28:11:  'loginStatus' is assigned a value but never used  no-unused-vars

src/components/Menu.js
  Line 1:17:  'Component' is defined but never used          no-unused-vars
  Line 33:9:  'Navtitle' is assigned a value but never used  no-unused-vars

src/components/MyList.js
  Line 7:10:  'myList' is assigned a value but never used                                                               no-unused-vars
  Line 7:18:  'setMyList' is assigned a value but never used                                                            no-unused-vars
  Line 20:6:  React Hook useEffect has a missing dependency: 'datas'. Either include it or remove the dependency array  react-hooks/exhaustive-deps

src/components/ProgramSelect.js
  Line 2:27:  'BrowserRouter' is defined but never used  no-unused-vars
  Line 2:42:  'HashRouter' is defined but never used     no-unused-vars
  Line 2:53:  'Route' is defined but never used          no-unused-vars
  Line 2:60:  'Switch' is defined but never used         no-unused-vars

src/components/Register.js
  Line 6:9:     'toaster' is defined but never used              no-unused-vars
  Line 20:25:   Expected '!==' and instead saw '!='              eqeqeq
  Line 120:17:  'resMessage' is assigned a value but never used  no-unused-vars

src/components/Report.js
  Line 13:9:  'X' is assigned a value but never used                                                                                    no-unused-vars
  Line 49:6:  React Hook useEffect has missing dependencies: 'semester' and 'year'. Either include them or remove the dependency array  react-hooks/exhaustive-deps

src/components/Table.js
  Line 2:8:  'ReactHTMLTableToExcel' is defined but never used  no-unused-vars

src/components/User.js
  Line 1:29:   'useState' is defined but never used              no-unused-vars
  Line 2:21:   'TextInputField' is defined but never used        no-unused-vars
  Line 4:8:    'Axios' is defined but never used                 no-unused-vars
  Line 6:7:    'department' is assigned a value but never used   no-unused-vars
  Line 13:21:  'setUserData' is assigned a value but never used  no-unused-vars

src/services/auth.service.js
  Line 11:38:  Unexpected string concatenation of literals                     no-useless-concat
  Line 21:1:   Assign object to a variable before exporting as module default  import/no-anonymous-default-export

src/services/user.service.js
  Line 5:18:   Unexpected string concatenation of literals                     no-useless-concat
  Line 11:18:  Unexpected string concatenation of literals                     no-useless-concat
  Line 24:28:  Unexpected string concatenation of literals                     no-useless-concat
  Line 29:18:  Unexpected string concatenation of literals                     no-useless-concat
  Line 35:28:  Unexpected string concatenation of literals                     no-useless-concat
  Line 39:29:  Unexpected string concatenation of literals                     no-useless-concat
  Line 66:18:  Unexpected string concatenation of literals                     no-useless-concat
  Line 71:1:   Assign object to a variable before exporting as module default  import/no-anonymous-default-export

Search for the keywords to learn more about each warning.
To ignore, add // eslint-disable-next-line to the line before.


> react-hooks-jwt-auth@0.1.0 start /home/tutoring/cbnututoring
> react-scripts start

[HPM] Proxy created: /  -> http://localhost:5000
[34mâ„¹[39m [90mï½¢wdsï½£[39m: Project is running at http://0.0.0.0:3131/
[34mâ„¹[39m [90mï½¢wdsï½£[39m: webpack output is served from 
[34mâ„¹[39m [90mï½¢wdsï½£[39m: Content not from webpack is served from /home/tutoring/cbnututoring/public
[34mâ„¹[39m [90mï½¢wdsï½£[39m: 404s will fallback to /
Starting the development server...

Compiled with warnings.

src/App.js
  Line 4:10:  'Button' is defined but never used          no-unused-vars
  Line 11:8:  'ProgramSelect' is defined but never used   no-unused-vars
  Line 26:7:  'today' is assigned a value but never used  no-unused-vars

src/components/AllList.js
  Line 22:6:  React Hook useEffect has missing dependencies: 'search', 'semester', and 'year'. Either include them or remove the dependency array  react-hooks/exhaustive-deps

src/components/CourseReg.js
  Line 2:10:   'Redirect' is defined but never used                      no-unused-vars
  Line 16:28:  Unnecessarily computed property ["file"] found            no-useless-computed-key
  Line 19:9:   'duplicateInspection' is assigned a value but never used  no-unused-vars

src/components/DialogContents.js
  Line 3:43:   'Select' is defined but never used                                                                                     no-unused-vars
  Line 7:8:    'styled' is defined but never used                                                                                     no-unused-vars
  Line 339:6:  React Hook useEffect has missing dependencies: 'data' and 'infos'. Either include them or remove the dependency array  react-hooks/exhaustive-deps
  Line 389:1:  Assign object to a variable before exporting as module default                                                         import/no-anonymous-default-export

src/components/EnrolmentSeason.js
  Line 25:6:  React Hook useEffect has missing dependencies: 'values.semester' and 'values.year'. Either include them or remove the dependency array  react-hooks/exhaustive-deps
  Line 40:6:  React Hook useEffect has missing dependencies: 'setTime_end' and 'setTime_start'. Either include them or remove the dependency array    react-hooks/exhaustive-deps

src/components/Login.js
  Line 28:11:  'loginStatus' is assigned a value but never used  no-unused-vars

src/components/Menu.js
  Line 1:17:  'Component' is defined but never used          no-unused-vars
  Line 33:9:  'Navtitle' is assigned a value but never used  no-unused-vars

src/components/MyList.js
  Line 7:10:  'myList' is assigned a value but never used                                                               no-unused-vars
  Line 7:18:  'setMyList' is assigned a value but never used                                                            no-unused-vars
  Line 20:6:  React Hook useEffect has a missing dependency: 'datas'. Either include it or remove the dependency array  react-hooks/exhaustive-deps

src/components/ProgramSelect.js
  Line 2:27:  'BrowserRouter' is defined but never used  no-unused-vars
  Line 2:42:  'HashRouter' is defined but never used     no-unused-vars
  Line 2:53:  'Route' is defined but never used          no-unused-vars
  Line 2:60:  'Switch' is defined but never used         no-unused-vars

src/components/Register.js
  Line 6:9:     'toaster' is defined but never used              no-unused-vars
  Line 20:25:   Expected '!==' and instead saw '!='              eqeqeq
  Line 120:17:  'resMessage' is assigned a value but never used  no-unused-vars

src/components/Report.js
  Line 13:9:  'X' is assigned a value but never used                                                                                    no-unused-vars
  Line 49:6:  React Hook useEffect has missing dependencies: 'semester' and 'year'. Either include them or remove the dependency array  react-hooks/exhaustive-deps

src/components/Table.js
  Line 2:8:  'ReactHTMLTableToExcel' is defined but never used  no-unused-vars

src/components/User.js
  Line 1:29:   'useState' is defined but never used              no-unused-vars
  Line 2:21:   'TextInputField' is defined but never used        no-unused-vars
  Line 4:8:    'Axios' is defined but never used                 no-unused-vars
  Line 6:7:    'department' is assigned a value but never used   no-unused-vars
  Line 13:21:  'setUserData' is assigned a value but never used  no-unused-vars

src/services/auth.service.js
  Line 11:38:  Unexpected string concatenation of literals                     no-useless-concat
  Line 21:1:   Assign object to a variable before exporting as module default  import/no-anonymous-default-export

src/services/user.service.js
  Line 5:18:   Unexpected string concatenation of literals                     no-useless-concat
  Line 11:18:  Unexpected string concatenation of literals                     no-useless-concat
  Line 24:28:  Unexpected string concatenation of literals                     no-useless-concat
  Line 29:18:  Unexpected string concatenation of literals                     no-useless-concat
  Line 35:28:  Unexpected string concatenation of literals                     no-useless-concat
  Line 39:29:  Unexpected string concatenation of literals                     no-useless-concat
  Line 66:18:  Unexpected string concatenation of literals                     no-useless-concat
  Line 71:1:   Assign object to a variable before exporting as module default  import/no-anonymous-default-export

Search for the keywords to learn more about each warning.
To ignore, add // eslint-disable-next-line to the line before.


> react-hooks-jwt-auth@0.1.0 start /home/tutoring/cbnututoring
> react-scripts start

[HPM] Proxy created: /  -> http://127.0.0.1:5000
[34mâ„¹[39m [90mï½¢wdsï½£[39m: Project is running at http://0.0.0.0:3131/
[34mâ„¹[39m [90mï½¢wdsï½£[39m: webpack output is served from 
[34mâ„¹[39m [90mï½¢wdsï½£[39m: Content not from webpack is served from /home/tutoring/cbnututoring/public
[34mâ„¹[39m [90mï½¢wdsï½£[39m: 404s will fallback to /
Starting the development server...

Compiled with warnings.

src/App.js
  Line 4:10:  'Button' is defined but never used          no-unused-vars
  Line 11:8:  'ProgramSelect' is defined but never used   no-unused-vars
  Line 26:7:  'today' is assigned a value but never used  no-unused-vars

src/components/AllList.js
  Line 22:6:  React Hook useEffect has missing dependencies: 'search', 'semester', and 'year'. Either include them or remove the dependency array  react-hooks/exhaustive-deps

src/components/CourseReg.js
  Line 2:10:   'Redirect' is defined but never used                      no-unused-vars
  Line 16:28:  Unnecessarily computed property ["file"] found            no-useless-computed-key
  Line 19:9:   'duplicateInspection' is assigned a value but never used  no-unused-vars

src/components/DialogContents.js
  Line 3:43:   'Select' is defined but never used                                                                                     no-unused-vars
  Line 7:8:    'styled' is defined but never used                                                                                     no-unused-vars
  Line 339:6:  React Hook useEffect has missing dependencies: 'data' and 'infos'. Either include them or remove the dependency array  react-hooks/exhaustive-deps
  Line 389:1:  Assign object to a variable before exporting as module default                                                         import/no-anonymous-default-export

src/components/EnrolmentSeason.js
  Line 25:6:  React Hook useEffect has missing dependencies: 'values.semester' and 'values.year'. Either include them or remove the dependency array  react-hooks/exhaustive-deps
  Line 40:6:  React Hook useEffect has missing dependencies: 'setTime_end' and 'setTime_start'. Either include them or remove the dependency array    react-hooks/exhaustive-deps

src/components/Login.js
  Line 28:11:  'loginStatus' is assigned a value but never used  no-unused-vars

src/components/Menu.js
  Line 1:17:  'Component' is defined but never used          no-unused-vars
  Line 33:9:  'Navtitle' is assigned a value but never used  no-unused-vars

src/components/MyList.js
  Line 7:10:  'myList' is assigned a value but never used                                                               no-unused-vars
  Line 7:18:  'setMyList' is assigned a value but never used                                                            no-unused-vars
  Line 20:6:  React Hook useEffect has a missing dependency: 'datas'. Either include it or remove the dependency array  react-hooks/exhaustive-deps

src/components/ProgramSelect.js
  Line 2:27:  'BrowserRouter' is defined but never used  no-unused-vars
  Line 2:42:  'HashRouter' is defined but never used     no-unused-vars
  Line 2:53:  'Route' is defined but never used          no-unused-vars
  Line 2:60:  'Switch' is defined but never used         no-unused-vars

src/components/Register.js
  Line 6:9:     'toaster' is defined but never used              no-unused-vars
  Line 20:25:   Expected '!==' and instead saw '!='              eqeqeq
  Line 120:17:  'resMessage' is assigned a value but never used  no-unused-vars

src/components/Report.js
  Line 13:9:  'X' is assigned a value but never used                                                                                    no-unused-vars
  Line 49:6:  React Hook useEffect has missing dependencies: 'semester' and 'year'. Either include them or remove the dependency array  react-hooks/exhaustive-deps

src/components/Table.js
  Line 2:8:  'ReactHTMLTableToExcel' is defined but never used  no-unused-vars

src/components/User.js
  Line 1:29:   'useState' is defined but never used              no-unused-vars
  Line 2:21:   'TextInputField' is defined but never used        no-unused-vars
  Line 4:8:    'Axios' is defined but never used                 no-unused-vars
  Line 6:7:    'department' is assigned a value but never used   no-unused-vars
  Line 13:21:  'setUserData' is assigned a value but never used  no-unused-vars

src/services/auth.service.js
  Line 11:38:  Unexpected string concatenation of literals                     no-useless-concat
  Line 21:1:   Assign object to a variable before exporting as module default  import/no-anonymous-default-export

src/services/user.service.js
  Line 5:18:   Unexpected string concatenation of literals                     no-useless-concat
  Line 11:18:  Unexpected string concatenation of literals                     no-useless-concat
  Line 24:28:  Unexpected string concatenation of literals                     no-useless-concat
  Line 29:18:  Unexpected string concatenation of literals                     no-useless-concat
  Line 35:28:  Unexpected string concatenation of literals                     no-useless-concat
  Line 39:29:  Unexpected string concatenation of literals                     no-useless-concat
  Line 66:18:  Unexpected string concatenation of literals                     no-useless-concat
  Line 71:1:   Assign object to a variable before exporting as module default  import/no-anonymous-default-export

Search for the keywords to learn more about each warning.
To ignore, add // eslint-disable-next-line to the line before.


> react-hooks-jwt-auth@0.1.0 start /home/tutoring/cbnututoring
> react-scripts start

[HPM] Proxy created: /  -> http://swtutor.cbnu.ac.kr
[34mâ„¹[39m [90mï½¢wdsï½£[39m: Project is running at http://0.0.0.0:3131/
[34mâ„¹[39m [90mï½¢wdsï½£[39m: webpack output is served from 
[34mâ„¹[39m [90mï½¢wdsï½£[39m: Content not from webpack is served from /home/tutoring/cbnututoring/public
[34mâ„¹[39m [90mï½¢wdsï½£[39m: 404s will fallback to /
Starting the development server...

Compiled with warnings.

src/App.js
  Line 4:10:  'Button' is defined but never used          no-unused-vars
  Line 11:8:  'ProgramSelect' is defined but never used   no-unused-vars
  Line 26:7:  'today' is assigned a value but never used  no-unused-vars

src/components/AllList.js
  Line 22:6:  React Hook useEffect has missing dependencies: 'search', 'semester', and 'year'. Either include them or remove the dependency array  react-hooks/exhaustive-deps

src/components/CourseReg.js
  Line 2:10:   'Redirect' is defined but never used                      no-unused-vars
  Line 16:28:  Unnecessarily computed property ["file"] found            no-useless-computed-key
  Line 19:9:   'duplicateInspection' is assigned a value but never used  no-unused-vars

src/components/DialogContents.js
  Line 3:43:   'Select' is defined but never used                                                                                     no-unused-vars
  Line 7:8:    'styled' is defined but never used                                                                                     no-unused-vars
  Line 339:6:  React Hook useEffect has missing dependencies: 'data' and 'infos'. Either include them or remove the dependency array  react-hooks/exhaustive-deps
  Line 389:1:  Assign object to a variable before exporting as module default                                                         import/no-anonymous-default-export

src/components/EnrolmentSeason.js
  Line 25:6:  React Hook useEffect has missing dependencies: 'values.semester' and 'values.year'. Either include them or remove the dependency array  react-hooks/exhaustive-deps
  Line 40:6:  React Hook useEffect has missing dependencies: 'setTime_end' and 'setTime_start'. Either include them or remove the dependency array    react-hooks/exhaustive-deps

src/components/Login.js
  Line 28:11:  'loginStatus' is assigned a value but never used  no-unused-vars

src/components/Menu.js
  Line 1:17:  'Component' is defined but never used          no-unused-vars
  Line 33:9:  'Navtitle' is assigned a value but never used  no-unused-vars

src/components/MyList.js
  Line 7:10:  'myList' is assigned a value but never used                                                               no-unused-vars
  Line 7:18:  'setMyList' is assigned a value but never used                                                            no-unused-vars
  Line 20:6:  React Hook useEffect has a missing dependency: 'datas'. Either include it or remove the dependency array  react-hooks/exhaustive-deps

src/components/ProgramSelect.js
  Line 2:27:  'BrowserRouter' is defined but never used  no-unused-vars
  Line 2:42:  'HashRouter' is defined but never used     no-unused-vars
  Line 2:53:  'Route' is defined but never used          no-unused-vars
  Line 2:60:  'Switch' is defined but never used         no-unused-vars

src/components/Register.js
  Line 6:9:     'toaster' is defined but never used              no-unused-vars
  Line 20:25:   Expected '!==' and instead saw '!='              eqeqeq
  Line 120:17:  'resMessage' is assigned a value but never used  no-unused-vars

src/components/Report.js
  Line 13:9:  'X' is assigned a value but never used                                                                                    no-unused-vars
  Line 49:6:  React Hook useEffect has missing dependencies: 'semester' and 'year'. Either include them or remove the dependency array  react-hooks/exhaustive-deps

src/components/Table.js
  Line 2:8:  'ReactHTMLTableToExcel' is defined but never used  no-unused-vars

src/components/User.js
  Line 1:29:   'useState' is defined but never used              no-unused-vars
  Line 2:21:   'TextInputField' is defined but never used        no-unused-vars
  Line 4:8:    'Axios' is defined but never used                 no-unused-vars
  Line 6:7:    'department' is assigned a value but never used   no-unused-vars
  Line 13:21:  'setUserData' is assigned a value but never used  no-unused-vars

src/services/auth.service.js
  Line 11:38:  Unexpected string concatenation of literals                     no-useless-concat
  Line 21:1:   Assign object to a variable before exporting as module default  import/no-anonymous-default-export

src/services/user.service.js
  Line 5:18:   Unexpected string concatenation of literals                     no-useless-concat
  Line 11:18:  Unexpected string concatenation of literals                     no-useless-concat
  Line 24:28:  Unexpected string concatenation of literals                     no-useless-concat
  Line 29:18:  Unexpected string concatenation of literals                     no-useless-concat
  Line 35:28:  Unexpected string concatenation of literals                     no-useless-concat
  Line 39:29:  Unexpected string concatenation of literals                     no-useless-concat
  Line 66:18:  Unexpected string concatenation of literals                     no-useless-concat
  Line 71:1:   Assign object to a variable before exporting as module default  import/no-anonymous-default-export

Search for the keywords to learn more about each warning.
To ignore, add // eslint-disable-next-line to the line before.


> react-hooks-jwt-auth@0.1.0 start /home/tutoring/cbnututoring
> react-scripts start

[HPM] Proxy created: /  -> http://swtutor.cbnu.ac.kr
[34mâ„¹[39m [90mï½¢wdsï½£[39m: Project is running at http://0.0.0.0:3131/
[34mâ„¹[39m [90mï½¢wdsï½£[39m: webpack output is served from 
[34mâ„¹[39m [90mï½¢wdsï½£[39m: Content not from webpack is served from /home/tutoring/cbnututoring/public
[34mâ„¹[39m [90mï½¢wdsï½£[39m: 404s will fallback to /
Starting the development server...

Compiled with warnings.

src/App.js
  Line 4:10:  'Button' is defined but never used          no-unused-vars
  Line 11:8:  'ProgramSelect' is defined but never used   no-unused-vars
  Line 26:7:  'today' is assigned a value but never used  no-unused-vars

src/components/AllList.js
  Line 22:6:  React Hook useEffect has missing dependencies: 'search', 'semester', and 'year'. Either include them or remove the dependency array  react-hooks/exhaustive-deps

src/components/CourseReg.js
  Line 2:10:   'Redirect' is defined but never used                      no-unused-vars
  Line 16:28:  Unnecessarily computed property ["file"] found            no-useless-computed-key
  Line 19:9:   'duplicateInspection' is assigned a value but never used  no-unused-vars

src/components/DialogContents.js
  Line 3:43:   'Select' is defined but never used                                                                                     no-unused-vars
  Line 7:8:    'styled' is defined but never used                                                                                     no-unused-vars
  Line 339:6:  React Hook useEffect has missing dependencies: 'data' and 'infos'. Either include them or remove the dependency array  react-hooks/exhaustive-deps
  Line 389:1:  Assign object to a variable before exporting as module default                                                         import/no-anonymous-default-export

src/components/EnrolmentSeason.js
  Line 25:6:  React Hook useEffect has missing dependencies: 'values.semester' and 'values.year'. Either include them or remove the dependency array  react-hooks/exhaustive-deps
  Line 40:6:  React Hook useEffect has missing dependencies: 'setTime_end' and 'setTime_start'. Either include them or remove the dependency array    react-hooks/exhaustive-deps

src/components/Login.js
  Line 28:11:  'loginStatus' is assigned a value but never used  no-unused-vars

src/components/Menu.js
  Line 1:17:  'Component' is defined but never used          no-unused-vars
  Line 33:9:  'Navtitle' is assigned a value but never used  no-unused-vars

src/components/MyList.js
  Line 7:10:  'myList' is assigned a value but never used                                                               no-unused-vars
  Line 7:18:  'setMyList' is assigned a value but never used                                                            no-unused-vars
  Line 20:6:  React Hook useEffect has a missing dependency: 'datas'. Either include it or remove the dependency array  react-hooks/exhaustive-deps

src/components/ProgramSelect.js
  Line 2:27:  'BrowserRouter' is defined but never used  no-unused-vars
  Line 2:42:  'HashRouter' is defined but never used     no-unused-vars
  Line 2:53:  'Route' is defined but never used          no-unused-vars
  Line 2:60:  'Switch' is defined but never used         no-unused-vars

src/components/Register.js
  Line 6:9:     'toaster' is defined but never used              no-unused-vars
  Line 20:25:   Expected '!==' and instead saw '!='              eqeqeq
  Line 120:17:  'resMessage' is assigned a value but never used  no-unused-vars

src/components/Report.js
  Line 13:9:  'X' is assigned a value but never used                                                                                    no-unused-vars
  Line 49:6:  React Hook useEffect has missing dependencies: 'semester' and 'year'. Either include them or remove the dependency array  react-hooks/exhaustive-deps

src/components/Table.js
  Line 2:8:  'ReactHTMLTableToExcel' is defined but never used  no-unused-vars

src/components/User.js
  Line 1:29:   'useState' is defined but never used              no-unused-vars
  Line 2:21:   'TextInputField' is defined but never used        no-unused-vars
  Line 4:8:    'Axios' is defined but never used                 no-unused-vars
  Line 6:7:    'department' is assigned a value but never used   no-unused-vars
  Line 13:21:  'setUserData' is assigned a value but never used  no-unused-vars

src/services/auth.service.js
  Line 11:38:  Unexpected string concatenation of literals                     no-useless-concat
  Line 21:1:   Assign object to a variable before exporting as module default  import/no-anonymous-default-export

src/services/user.service.js
  Line 5:18:   Unexpected string concatenation of literals                     no-useless-concat
  Line 11:18:  Unexpected string concatenation of literals                     no-useless-concat
  Line 24:28:  Unexpected string concatenation of literals                     no-useless-concat
  Line 29:18:  Unexpected string concatenation of literals                     no-useless-concat
  Line 35:28:  Unexpected string concatenation of literals                     no-useless-concat
  Line 39:29:  Unexpected string concatenation of literals                     no-useless-concat
  Line 66:18:  Unexpected string concatenation of literals                     no-useless-concat
  Line 71:1:   Assign object to a variable before exporting as module default  import/no-anonymous-default-export

Search for the keywords to learn more about each warning.
To ignore, add // eslint-disable-next-line to the line before.


> react-hooks-jwt-auth@0.1.0 start /home/tutoring/cbnututoring
> react-scripts start

[HPM] Proxy created: /  -> http://swtutor.cbnu.ac.kr
[34mâ„¹[39m [90mï½¢wdsï½£[39m: Project is running at http://0.0.0.0:3131/
[34mâ„¹[39m [90mï½¢wdsï½£[39m: webpack output is served from 
[34mâ„¹[39m [90mï½¢wdsï½£[39m: Content not from webpack is served from /home/tutoring/cbnututoring/public
[34mâ„¹[39m [90mï½¢wdsï½£[39m: 404s will fallback to /
Starting the development server...

Compiled with warnings.

src/App.js
  Line 4:10:  'Button' is defined but never used          no-unused-vars
  Line 11:8:  'ProgramSelect' is defined but never used   no-unused-vars
  Line 26:7:  'today' is assigned a value but never used  no-unused-vars

src/components/AllList.js
  Line 22:6:  React Hook useEffect has missing dependencies: 'search', 'semester', and 'year'. Either include them or remove the dependency array  react-hooks/exhaustive-deps

src/components/CourseReg.js
  Line 2:10:   'Redirect' is defined but never used                      no-unused-vars
  Line 16:28:  Unnecessarily computed property ["file"] found            no-useless-computed-key
  Line 19:9:   'duplicateInspection' is assigned a value but never used  no-unused-vars

src/components/DialogContents.js
  Line 3:43:   'Select' is defined but never used                                                                                     no-unused-vars
  Line 7:8:    'styled' is defined but never used                                                                                     no-unused-vars
  Line 339:6:  React Hook useEffect has missing dependencies: 'data' and 'infos'. Either include them or remove the dependency array  react-hooks/exhaustive-deps
  Line 389:1:  Assign object to a variable before exporting as module default                                                         import/no-anonymous-default-export

src/components/EnrolmentSeason.js
  Line 25:6:  React Hook useEffect has missing dependencies: 'values.semester' and 'values.year'. Either include them or remove the dependency array  react-hooks/exhaustive-deps
  Line 40:6:  React Hook useEffect has missing dependencies: 'setTime_end' and 'setTime_start'. Either include them or remove the dependency array    react-hooks/exhaustive-deps

src/components/Login.js
  Line 28:11:  'loginStatus' is assigned a value but never used  no-unused-vars

src/components/Menu.js
  Line 1:17:  'Component' is defined but never used          no-unused-vars
  Line 33:9:  'Navtitle' is assigned a value but never used  no-unused-vars

src/components/MyList.js
  Line 7:10:  'myList' is assigned a value but never used                                                               no-unused-vars
  Line 7:18:  'setMyList' is assigned a value but never used                                                            no-unused-vars
  Line 20:6:  React Hook useEffect has a missing dependency: 'datas'. Either include it or remove the dependency array  react-hooks/exhaustive-deps

src/components/ProgramSelect.js
  Line 2:27:  'BrowserRouter' is defined but never used  no-unused-vars
  Line 2:42:  'HashRouter' is defined but never used     no-unused-vars
  Line 2:53:  'Route' is defined but never used          no-unused-vars
  Line 2:60:  'Switch' is defined but never used         no-unused-vars

src/components/Register.js
  Line 6:9:     'toaster' is defined but never used              no-unused-vars
  Line 20:25:   Expected '!==' and instead saw '!='              eqeqeq
  Line 120:17:  'resMessage' is assigned a value but never used  no-unused-vars

src/components/Report.js
  Line 13:9:  'X' is assigned a value but never used                                                                                    no-unused-vars
  Line 49:6:  React Hook useEffect has missing dependencies: 'semester' and 'year'. Either include them or remove the dependency array  react-hooks/exhaustive-deps

src/components/Table.js
  Line 2:8:  'ReactHTMLTableToExcel' is defined but never used  no-unused-vars

src/components/User.js
  Line 1:29:   'useState' is defined but never used              no-unused-vars
  Line 2:21:   'TextInputField' is defined but never used        no-unused-vars
  Line 4:8:    'Axios' is defined but never used                 no-unused-vars
  Line 6:7:    'department' is assigned a value but never used   no-unused-vars
  Line 13:21:  'setUserData' is assigned a value but never used  no-unused-vars

src/services/auth.service.js
  Line 11:38:  Unexpected string concatenation of literals                     no-useless-concat
  Line 21:1:   Assign object to a variable before exporting as module default  import/no-anonymous-default-export

src/services/user.service.js
  Line 5:18:   Unexpected string concatenation of literals                     no-useless-concat
  Line 11:18:  Unexpected string concatenation of literals                     no-useless-concat
  Line 24:28:  Unexpected string concatenation of literals                     no-useless-concat
  Line 29:18:  Unexpected string concatenation of literals                     no-useless-concat
  Line 35:28:  Unexpected string concatenation of literals                     no-useless-concat
  Line 39:29:  Unexpected string concatenation of literals                     no-useless-concat
  Line 66:18:  Unexpected string concatenation of literals                     no-useless-concat
  Line 71:1:   Assign object to a variable before exporting as module default  import/no-anonymous-default-export

Search for the keywords to learn more about each warning.
To ignore, add // eslint-disable-next-line to the line before.


> react-hooks-jwt-auth@0.1.0 start /home/tutoring/cbnututoring
> react-scripts start

[HPM] Proxy created: /  -> 127.0.0.1:5000
[34mâ„¹[39m [90mï½¢wdsï½£[39m: Project is running at http://0.0.0.0:3131/
[34mâ„¹[39m [90mï½¢wdsï½£[39m: webpack output is served from 
[34mâ„¹[39m [90mï½¢wdsï½£[39m: Content not from webpack is served from /home/tutoring/cbnututoring/public
[34mâ„¹[39m [90mï½¢wdsï½£[39m: 404s will fallback to /
Starting the development server...

Compiled with warnings.

src/App.js
  Line 4:10:  'Button' is defined but never used          no-unused-vars
  Line 11:8:  'ProgramSelect' is defined but never used   no-unused-vars
  Line 26:7:  'today' is assigned a value but never used  no-unused-vars

src/components/AllList.js
  Line 22:6:  React Hook useEffect has missing dependencies: 'search', 'semester', and 'year'. Either include them or remove the dependency array  react-hooks/exhaustive-deps

src/components/CourseReg.js
  Line 2:10:   'Redirect' is defined but never used                      no-unused-vars
  Line 16:28:  Unnecessarily computed property ["file"] found            no-useless-computed-key
  Line 19:9:   'duplicateInspection' is assigned a value but never used  no-unused-vars

src/components/DialogContents.js
  Line 3:43:   'Select' is defined but never used                                                                                     no-unused-vars
  Line 7:8:    'styled' is defined but never used                                                                                     no-unused-vars
  Line 339:6:  React Hook useEffect has missing dependencies: 'data' and 'infos'. Either include them or remove the dependency array  react-hooks/exhaustive-deps
  Line 389:1:  Assign object to a variable before exporting as module default                                                         import/no-anonymous-default-export

src/components/EnrolmentSeason.js
  Line 25:6:  React Hook useEffect has missing dependencies: 'values.semester' and 'values.year'. Either include them or remove the dependency array  react-hooks/exhaustive-deps
  Line 40:6:  React Hook useEffect has missing dependencies: 'setTime_end' and 'setTime_start'. Either include them or remove the dependency array    react-hooks/exhaustive-deps

src/components/Login.js
  Line 28:11:  'loginStatus' is assigned a value but never used  no-unused-vars

src/components/Menu.js
  Line 1:17:  'Component' is defined but never used          no-unused-vars
  Line 33:9:  'Navtitle' is assigned a value but never used  no-unused-vars

src/components/MyList.js
  Line 7:10:  'myList' is assigned a value but never used                                                               no-unused-vars
  Line 7:18:  'setMyList' is assigned a value but never used                                                            no-unused-vars
  Line 20:6:  React Hook useEffect has a missing dependency: 'datas'. Either include it or remove the dependency array  react-hooks/exhaustive-deps

src/components/ProgramSelect.js
  Line 2:27:  'BrowserRouter' is defined but never used  no-unused-vars
  Line 2:42:  'HashRouter' is defined but never used     no-unused-vars
  Line 2:53:  'Route' is defined but never used          no-unused-vars
  Line 2:60:  'Switch' is defined but never used         no-unused-vars

src/components/Register.js
  Line 6:9:     'toaster' is defined but never used              no-unused-vars
  Line 20:25:   Expected '!==' and instead saw '!='              eqeqeq
  Line 120:17:  'resMessage' is assigned a value but never used  no-unused-vars

src/components/Report.js
  Line 13:9:  'X' is assigned a value but never used                                                                                    no-unused-vars
  Line 49:6:  React Hook useEffect has missing dependencies: 'semester' and 'year'. Either include them or remove the dependency array  react-hooks/exhaustive-deps

src/components/Table.js
  Line 2:8:  'ReactHTMLTableToExcel' is defined but never used  no-unused-vars

src/components/User.js
  Line 1:29:   'useState' is defined but never used              no-unused-vars
  Line 2:21:   'TextInputField' is defined but never used        no-unused-vars
  Line 4:8:    'Axios' is defined but never used                 no-unused-vars
  Line 6:7:    'department' is assigned a value but never used   no-unused-vars
  Line 13:21:  'setUserData' is assigned a value but never used  no-unused-vars

src/services/auth.service.js
  Line 11:38:  Unexpected string concatenation of literals                     no-useless-concat
  Line 21:1:   Assign object to a variable before exporting as module default  import/no-anonymous-default-export

src/services/user.service.js
  Line 5:18:   Unexpected string concatenation of literals                     no-useless-concat
  Line 11:18:  Unexpected string concatenation of literals                     no-useless-concat
  Line 24:28:  Unexpected string concatenation of literals                     no-useless-concat
  Line 29:18:  Unexpected string concatenation of literals                     no-useless-concat
  Line 35:28:  Unexpected string concatenation of literals                     no-useless-concat
  Line 39:29:  Unexpected string concatenation of literals                     no-useless-concat
  Line 66:18:  Unexpected string concatenation of literals                     no-useless-concat
  Line 71:1:   Assign object to a variable before exporting as module default  import/no-anonymous-default-export

Search for the keywords to learn more about each warning.
To ignore, add // eslint-disable-next-line to the line before.


> react-hooks-jwt-auth@0.1.0 start /home/tutoring/cbnututoring
> react-scripts start

[HPM] Proxy created: /  -> 127.0.0.1:5000
[34mâ„¹[39m [90mï½¢wdsï½£[39m: Project is running at http://0.0.0.0:3131/
[34mâ„¹[39m [90mï½¢wdsï½£[39m: webpack output is served from 
[34mâ„¹[39m [90mï½¢wdsï½£[39m: Content not from webpack is served from /home/tutoring/cbnututoring/public
[34mâ„¹[39m [90mï½¢wdsï½£[39m: 404s will fallback to /
Starting the development server...

Compiled with warnings.

src/App.js
  Line 4:10:  'Button' is defined but never used          no-unused-vars
  Line 11:8:  'ProgramSelect' is defined but never used   no-unused-vars
  Line 26:7:  'today' is assigned a value but never used  no-unused-vars

src/components/AllList.js
  Line 22:6:  React Hook useEffect has missing dependencies: 'search', 'semester', and 'year'. Either include them or remove the dependency array  react-hooks/exhaustive-deps

src/components/CourseReg.js
  Line 2:10:   'Redirect' is defined but never used                      no-unused-vars
  Line 16:28:  Unnecessarily computed property ["file"] found            no-useless-computed-key
  Line 19:9:   'duplicateInspection' is assigned a value but never used  no-unused-vars

src/components/DialogContents.js
  Line 3:43:   'Select' is defined but never used                                                                                     no-unused-vars
  Line 7:8:    'styled' is defined but never used                                                                                     no-unused-vars
  Line 339:6:  React Hook useEffect has missing dependencies: 'data' and 'infos'. Either include them or remove the dependency array  react-hooks/exhaustive-deps
  Line 389:1:  Assign object to a variable before exporting as module default                                                         import/no-anonymous-default-export

src/components/EnrolmentSeason.js
  Line 25:6:  React Hook useEffect has missing dependencies: 'values.semester' and 'values.year'. Either include them or remove the dependency array  react-hooks/exhaustive-deps
  Line 40:6:  React Hook useEffect has missing dependencies: 'setTime_end' and 'setTime_start'. Either include them or remove the dependency array    react-hooks/exhaustive-deps

src/components/Login.js
  Line 28:11:  'loginStatus' is assigned a value but never used  no-unused-vars

src/components/Menu.js
  Line 1:17:  'Component' is defined but never used          no-unused-vars
  Line 33:9:  'Navtitle' is assigned a value but never used  no-unused-vars

src/components/MyList.js
  Line 7:10:  'myList' is assigned a value but never used                                                               no-unused-vars
  Line 7:18:  'setMyList' is assigned a value but never used                                                            no-unused-vars
  Line 20:6:  React Hook useEffect has a missing dependency: 'datas'. Either include it or remove the dependency array  react-hooks/exhaustive-deps

src/components/ProgramSelect.js
  Line 2:27:  'BrowserRouter' is defined but never used  no-unused-vars
  Line 2:42:  'HashRouter' is defined but never used     no-unused-vars
  Line 2:53:  'Route' is defined but never used          no-unused-vars
  Line 2:60:  'Switch' is defined but never used         no-unused-vars

src/components/Register.js
  Line 6:9:     'toaster' is defined but never used              no-unused-vars
  Line 20:25:   Expected '!==' and instead saw '!='              eqeqeq
  Line 120:17:  'resMessage' is assigned a value but never used  no-unused-vars

src/components/Report.js
  Line 13:9:  'X' is assigned a value but never used                                                                                    no-unused-vars
  Line 49:6:  React Hook useEffect has missing dependencies: 'semester' and 'year'. Either include them or remove the dependency array  react-hooks/exhaustive-deps

src/components/Table.js
  Line 2:8:  'ReactHTMLTableToExcel' is defined but never used  no-unused-vars

src/components/User.js
  Line 1:29:   'useState' is defined but never used              no-unused-vars
  Line 2:21:   'TextInputField' is defined but never used        no-unused-vars
  Line 4:8:    'Axios' is defined but never used                 no-unused-vars
  Line 6:7:    'department' is assigned a value but never used   no-unused-vars
  Line 13:21:  'setUserData' is assigned a value but never used  no-unused-vars

src/services/auth.service.js
  Line 11:38:  Unexpected string concatenation of literals                     no-useless-concat
  Line 21:1:   Assign object to a variable before exporting as module default  import/no-anonymous-default-export

src/services/user.service.js
  Line 5:18:   Unexpected string concatenation of literals                     no-useless-concat
  Line 11:18:  Unexpected string concatenation of literals                     no-useless-concat
  Line 24:28:  Unexpected string concatenation of literals                     no-useless-concat
  Line 29:18:  Unexpected string concatenation of literals                     no-useless-concat
  Line 35:28:  Unexpected string concatenation of literals                     no-useless-concat
  Line 39:29:  Unexpected string concatenation of literals                     no-useless-concat
  Line 66:18:  Unexpected string concatenation of literals                     no-useless-concat
  Line 71:1:   Assign object to a variable before exporting as module default  import/no-anonymous-default-export

Search for the keywords to learn more about each warning.
To ignore, add // eslint-disable-next-line to the line before.


> react-hooks-jwt-auth@0.1.0 start /home/tutoring/cbnututoring
> react-scripts start

When "proxy" is specified in package.json it must start with either http:// or https://
npm ERR! code ELIFECYCLE
npm ERR! errno 1
npm ERR! react-hooks-jwt-auth@0.1.0 start: `react-scripts start`
npm ERR! Exit status 1
npm ERR! 
npm ERR! Failed at the react-hooks-jwt-auth@0.1.0 start script.
npm ERR! This is probably not a problem with npm. There is likely additional logging output above.

npm ERR! A complete log of this run can be found in:
npm ERR!     /root/.npm/_logs/2021-01-04T07_58_08_650Z-debug.log

> react-hooks-jwt-auth@0.1.0 start /home/tutoring/cbnututoring
> react-scripts start

[34mâ„¹[39m [90mï½¢wdsï½£[39m: Project is running at http://0.0.0.0:3131/
[34mâ„¹[39m [90mï½¢wdsï½£[39m: webpack output is served from 
[34mâ„¹[39m [90mï½¢wdsï½£[39m: Content not from webpack is served from /home/tutoring/cbnututoring/public
[34mâ„¹[39m [90mï½¢wdsï½£[39m: 404s will fallback to /
Starting the development server...

Compiled with warnings.

src/App.js
  Line 4:10:  'Button' is defined but never used          no-unused-vars
  Line 11:8:  'ProgramSelect' is defined but never used   no-unused-vars
  Line 26:7:  'today' is assigned a value but never used  no-unused-vars

src/components/AllList.js
  Line 22:6:  React Hook useEffect has missing dependencies: 'search', 'semester', and 'year'. Either include them or remove the dependency array  react-hooks/exhaustive-deps

src/components/CourseReg.js
  Line 2:10:   'Redirect' is defined but never used                      no-unused-vars
  Line 16:28:  Unnecessarily computed property ["file"] found            no-useless-computed-key
  Line 19:9:   'duplicateInspection' is assigned a value but never used  no-unused-vars

src/components/DialogContents.js
  Line 3:43:   'Select' is defined but never used                                                                                     no-unused-vars
  Line 7:8:    'styled' is defined but never used                                                                                     no-unused-vars
  Line 339:6:  React Hook useEffect has missing dependencies: 'data' and 'infos'. Either include them or remove the dependency array  react-hooks/exhaustive-deps
  Line 389:1:  Assign object to a variable before exporting as module default                                                         import/no-anonymous-default-export

src/components/EnrolmentSeason.js
  Line 25:6:  React Hook useEffect has missing dependencies: 'values.semester' and 'values.year'. Either include them or remove the dependency array  react-hooks/exhaustive-deps
  Line 40:6:  React Hook useEffect has missing dependencies: 'setTime_end' and 'setTime_start'. Either include them or remove the dependency array    react-hooks/exhaustive-deps

src/components/Login.js
  Line 28:11:  'loginStatus' is assigned a value but never used  no-unused-vars

src/components/Menu.js
  Line 1:17:  'Component' is defined but never used          no-unused-vars
  Line 33:9:  'Navtitle' is assigned a value but never used  no-unused-vars

src/components/MyList.js
  Line 7:10:  'myList' is assigned a value but never used                                                               no-unused-vars
  Line 7:18:  'setMyList' is assigned a value but never used                                                            no-unused-vars
  Line 20:6:  React Hook useEffect has a missing dependency: 'datas'. Either include it or remove the dependency array  react-hooks/exhaustive-deps

src/components/ProgramSelect.js
  Line 2:27:  'BrowserRouter' is defined but never used  no-unused-vars
  Line 2:42:  'HashRouter' is defined but never used     no-unused-vars
  Line 2:53:  'Route' is defined but never used          no-unused-vars
  Line 2:60:  'Switch' is defined but never used         no-unused-vars

src/components/Register.js
  Line 6:9:     'toaster' is defined but never used              no-unused-vars
  Line 20:25:   Expected '!==' and instead saw '!='              eqeqeq
  Line 120:17:  'resMessage' is assigned a value but never used  no-unused-vars

src/components/Report.js
  Line 13:9:  'X' is assigned a value but never used                                                                                    no-unused-vars
  Line 49:6:  React Hook useEffect has missing dependencies: 'semester' and 'year'. Either include them or remove the dependency array  react-hooks/exhaustive-deps

src/components/Table.js
  Line 2:8:  'ReactHTMLTableToExcel' is defined but never used  no-unused-vars

src/components/User.js
  Line 1:29:   'useState' is defined but never used              no-unused-vars
  Line 2:21:   'TextInputField' is defined but never used        no-unused-vars
  Line 4:8:    'Axios' is defined but never used                 no-unused-vars
  Line 6:7:    'department' is assigned a value but never used   no-unused-vars
  Line 13:21:  'setUserData' is assigned a value but never used  no-unused-vars

src/services/auth.service.js
  Line 11:38:  Unexpected string concatenation of literals                     no-useless-concat
  Line 21:1:   Assign object to a variable before exporting as module default  import/no-anonymous-default-export

src/services/user.service.js
  Line 5:18:   Unexpected string concatenation of literals                     no-useless-concat
  Line 11:18:  Unexpected string concatenation of literals                     no-useless-concat
  Line 24:28:  Unexpected string concatenation of literals                     no-useless-concat
  Line 29:18:  Unexpected string concatenation of literals                     no-useless-concat
  Line 35:28:  Unexpected string concatenation of literals                     no-useless-concat
  Line 39:29:  Unexpected string concatenation of literals                     no-useless-concat
  Line 66:18:  Unexpected string concatenation of literals                     no-useless-concat
  Line 71:1:   Assign object to a variable before exporting as module default  import/no-anonymous-default-export

Search for the keywords to learn more about each warning.
To ignore, add // eslint-disable-next-line to the line before.


> react-hooks-jwt-auth@0.1.0 start /home/tutoring/cbnututoring
> react-scripts start

[34mâ„¹[39m [90mï½¢wdsï½£[39m: Project is running at http://0.0.0.0:3131/
[34mâ„¹[39m [90mï½¢wdsï½£[39m: webpack output is served from 
[34mâ„¹[39m [90mï½¢wdsï½£[39m: Content not from webpack is served from /home/tutoring/cbnututoring/public
[34mâ„¹[39m [90mï½¢wdsï½£[39m: 404s will fallback to /
Starting the development server...

Compiled with warnings.

src/App.js
  Line 4:10:  'Button' is defined but never used          no-unused-vars
  Line 11:8:  'ProgramSelect' is defined but never used   no-unused-vars
  Line 26:7:  'today' is assigned a value but never used  no-unused-vars

src/components/AllList.js
  Line 22:6:  React Hook useEffect has missing dependencies: 'search', 'semester', and 'year'. Either include them or remove the dependency array  react-hooks/exhaustive-deps

src/components/CourseReg.js
  Line 2:10:   'Redirect' is defined but never used                      no-unused-vars
  Line 16:28:  Unnecessarily computed property ["file"] found            no-useless-computed-key
  Line 19:9:   'duplicateInspection' is assigned a value but never used  no-unused-vars

src/components/DialogContents.js
  Line 3:43:   'Select' is defined but never used                                                                                     no-unused-vars
  Line 7:8:    'styled' is defined but never used                                                                                     no-unused-vars
  Line 339:6:  React Hook useEffect has missing dependencies: 'data' and 'infos'. Either include them or remove the dependency array  react-hooks/exhaustive-deps
  Line 389:1:  Assign object to a variable before exporting as module default                                                         import/no-anonymous-default-export

src/components/EnrolmentSeason.js
  Line 25:6:  React Hook useEffect has missing dependencies: 'values.semester' and 'values.year'. Either include them or remove the dependency array  react-hooks/exhaustive-deps
  Line 40:6:  React Hook useEffect has missing dependencies: 'setTime_end' and 'setTime_start'. Either include them or remove the dependency array    react-hooks/exhaustive-deps

src/components/Login.js
  Line 28:11:  'loginStatus' is assigned a value but never used  no-unused-vars

src/components/Menu.js
  Line 1:17:  'Component' is defined but never used          no-unused-vars
  Line 33:9:  'Navtitle' is assigned a value but never used  no-unused-vars

src/components/MyList.js
  Line 7:10:  'myList' is assigned a value but never used                                                               no-unused-vars
  Line 7:18:  'setMyList' is assigned a value but never used                                                            no-unused-vars
  Line 20:6:  React Hook useEffect has a missing dependency: 'datas'. Either include it or remove the dependency array  react-hooks/exhaustive-deps

src/components/ProgramSelect.js
  Line 2:27:  'BrowserRouter' is defined but never used  no-unused-vars
  Line 2:42:  'HashRouter' is defined but never used     no-unused-vars
  Line 2:53:  'Route' is defined but never used          no-unused-vars
  Line 2:60:  'Switch' is defined but never used         no-unused-vars

src/components/Register.js
  Line 6:9:     'toaster' is defined but never used              no-unused-vars
  Line 20:25:   Expected '!==' and instead saw '!='              eqeqeq
  Line 120:17:  'resMessage' is assigned a value but never used  no-unused-vars

src/components/Report.js
  Line 13:9:  'X' is assigned a value but never used                                                                                    no-unused-vars
  Line 49:6:  React Hook useEffect has missing dependencies: 'semester' and 'year'. Either include them or remove the dependency array  react-hooks/exhaustive-deps

src/components/Table.js
  Line 2:8:  'ReactHTMLTableToExcel' is defined but never used  no-unused-vars

src/components/User.js
  Line 1:29:   'useState' is defined but never used              no-unused-vars
  Line 2:21:   'TextInputField' is defined but never used        no-unused-vars
  Line 4:8:    'Axios' is defined but never used                 no-unused-vars
  Line 6:7:    'department' is assigned a value but never used   no-unused-vars
  Line 13:21:  'setUserData' is assigned a value but never used  no-unused-vars

src/services/auth.service.js
  Line 11:38:  Unexpected string concatenation of literals                     no-useless-concat
  Line 21:1:   Assign object to a variable before exporting as module default  import/no-anonymous-default-export

src/services/user.service.js
  Line 5:18:   Unexpected string concatenation of literals                     no-useless-concat
  Line 11:18:  Unexpected string concatenation of literals                     no-useless-concat
  Line 24:28:  Unexpected string concatenation of literals                     no-useless-concat
  Line 29:18:  Unexpected string concatenation of literals                     no-useless-concat
  Line 35:28:  Unexpected string concatenation of literals                     no-useless-concat
  Line 39:29:  Unexpected string concatenation of literals                     no-useless-concat
  Line 66:18:  Unexpected string concatenation of literals                     no-useless-concat
  Line 71:1:   Assign object to a variable before exporting as module default  import/no-anonymous-default-export

Search for the keywords to learn more about each warning.
To ignore, add // eslint-disable-next-line to the line before.

